app/build/outputs/logs/manifest-merger-debug-report.txt
-- Merging decision tree log ---
manifest
ADDED from src\main\AndroidManifest.xml:2:1-83:12
	package
		ADDED from src\main\AndroidManifest.xml:3:5-31
		INJECTED from src\main\AndroidManifest.xml
		INJECTED from src\main\AndroidManifest.xml
	android:versionName
		ADDED from src\main\AndroidManifest.xml:5:5-30
		INJECTED from src\main\AndroidManifest.xml
		INJECTED from src\main\AndroidManifest.xml
	android:versionCode
		ADDED from src\main\AndroidManifest.xml:4:5-28
		INJECTED from src\main\AndroidManifest.xml
		INJECTED from src\main\AndroidManifest.xml
	xmlns:android
		ADDED from src\main\AndroidManifest.xml:2:11-69
uses-sdk
ADDED from src\main\AndroidManifest.xml:7:5-9:41
MERGED from [com.android.support:support-v4:20.0.0] AndroidManifest.xml:16:5-42
	android:targetSdkVersion
		ADDED from src\main\AndroidManifest.xml:9:9-38
		INJECTED from src\main\AndroidManifest.xml
		INJECTED from src\main\AndroidManifest.xml
	android:minSdkVersion
		ADDED from src\main\AndroidManifest.xml:8:9-35
		INJECTED from src\main\AndroidManifest.xml
		INJECTED from src\main\AndroidManifest.xml
uses-permission#android.permission.INTERNET
ADDED from src\main\AndroidManifest.xml:11:5-12:23
	android:name
		ADDED from src\main\AndroidManifest.xml:11:22-64
uses-permission#android.permission.ACCESS_NETWORK_STATE
ADDED from src\main\AndroidManifest.xml:13:5-14:23
	android:name
		ADDED from src\main\AndroidManifest.xml:13:22-76
application
ADDED from src\main\AndroidManifest.xml:16:5-81:19
MERGED from [com.android.support:support-v4:20.0.0] AndroidManifest.xml:17:5-19
	android:label
		ADDED from src\main\AndroidManifest.xml:19:9-41
	android:allowBackup
		ADDED from src\main\AndroidManifest.xml:17:9-35
	android:icon
		ADDED from src\main\AndroidManifest.xml:18:9-45
	android:theme
		ADDED from src\main\AndroidManifest.xml:20:9-40
activity#com.example.test.Login
ADDED from src\main\AndroidManifest.xml:22:9-27:20
	android:screenOrientation
		ADDED from src\main\AndroidManifest.xml:25:13-50
	android:label
		ADDED from src\main\AndroidManifest.xml:24:13-45
	android:name
		ADDED from src\main\AndroidManifest.xml:23:13-50
activity#com.example.test.MainActivity
ADDED from src\main\AndroidManifest.xml:29:9-34:20
	android:screenOrientation
		ADDED from src\main\AndroidManifest.xml:32:13-50
	android:label
		ADDED from src\main\AndroidManifest.xml:31:13-45
	android:name
		ADDED from src\main\AndroidManifest.xml:30:13-57
activity#com.example.test.TourGuide
ADDED from src\main\AndroidManifest.xml:35:9-39:20
	android:screenOrientation
		ADDED from src\main\AndroidManifest.xml:38:13-50
	android:label
		ADDED from src\main\AndroidManifest.xml:37:13-62
	android:name
		ADDED from src\main\AndroidManifest.xml:36:13-54
activity#com.example.test.Client
ADDED from src\main\AndroidManifest.xml:40:9-50:24
	android:screenOrientation
		ADDED from src\main\AndroidManifest.xml:43:13-50
	android:label
		ADDED from src\main\AndroidManifest.xml:42:13-35
	android:name
		ADDED from src\main\AndroidManifest.xml:41:13-53
intent-filter#android.intent.action.MAIN+android.intent.category.LAUNCHER
ADDED from src\main\AndroidManifest.xml:45:13-49:29
action#android.intent.action.MAIN
ADDED from src\main\AndroidManifest.xml:46:17-69
	android:name
		ADDED from src\main\AndroidManifest.xml:46:25-66
category#android.intent.category.LAUNCHER
ADDED from src\main\AndroidManifest.xml:48:17-77
	android:name
		ADDED from src\main\AndroidManifest.xml:48:27-74
activity#com.example.test.MultipleChoice
ADDED from src\main\AndroidManifest.xml:51:9-55:20
	android:screenOrientation
		ADDED from src\main\AndroidManifest.xml:54:13-50
	android:label
		ADDED from src\main\AndroidManifest.xml:53:13-62
	android:name
		ADDED from src\main\AndroidManifest.xml:52:13-59
activity#com.example.test.TestFlipper
ADDED from src\main\AndroidManifest.xml:57:9-61:20
	android:screenOrientation
		ADDED from src\main\AndroidManifest.xml:60:13-50
	android:label
		ADDED from src\main\AndroidManifest.xml:59:13-62
	android:name
		ADDED from src\main\AndroidManifest.xml:58:13-56
activity#com.example.test.QuestionnareActivity
ADDED from src\main\AndroidManifest.xml:63:9-67:20
	android:screenOrientation
		ADDED from src\main\AndroidManifest.xml:66:13-50
	android:label
		ADDED from src\main\AndroidManifest.xml:65:13-62
	android:name
		ADDED from src\main\AndroidManifest.xml:64:13-65
activity#com.example.test.CalenderViewTest
ADDED from src\main\AndroidManifest.xml:69:9-73:20
	android:screenOrientation
		ADDED from src\main\AndroidManifest.xml:72:13-50
	android:label
		ADDED from src\main\AndroidManifest.xml:71:13-62
	android:name
		ADDED from src\main\AndroidManifest.xml:70:13-61
activity#com.example.test.LoginTwo
ADDED from src\main\AndroidManifest.xml:75:9-79:20
	android:screenOrientation
		ADDED from src\main\AndroidManifest.xml:78:13-50
	android:label
		ADDED from src\main\AndroidManifest.xml:77:13-62
	android:name
		ADDED from src\main\AndroidManifest.xml:76:13-53